2025-05-08 09:57:08.702 [http-nio-8080-exec-3] INFO  o.yuliu.heima.demos.web.controller.DeptController - 查询所有部门数据
2025-05-08 09:57:15.159 [http-nio-8080-exec-5] INFO  o.yuliu.heima.demos.web.controller.DeptController - 查询所有部门数据
2025-05-08 11:36:50.102 [main] INFO  org.yuliu.heima.HeimaApplication - Starting HeimaApplication using Java 17.0.14 on LAPTOP-UVSFVGV1 with PID 26048 (E:\javaweb\heima\target\classes started by yuliu in E:\javaweb\heima)
2025-05-08 11:36:50.105 [main] INFO  org.yuliu.heima.HeimaApplication - No active profile set, falling back to 1 default profile: "default"
2025-05-08 11:36:51.118 [main] INFO  org.yuliu.heima.HeimaApplication - Started HeimaApplication in 1.253 seconds (JVM running for 1.952)
2025-05-08 11:36:51.356 [http-nio-8080-exec-4] INFO  o.yuliu.heima.demos.web.controller.DeptController - 查询所有部门数据
2025-05-08 11:44:25.065 [main] INFO  o.s.b.t.context.SpringBootTestContextBootstrapper - Neither @ContextConfiguration nor @ContextHierarchy found for test class [org.yuliu.heima.Test1], using SpringBootContextLoader
2025-05-08 11:44:25.070 [main] INFO  o.s.test.context.support.AbstractContextLoader - Could not detect default resource locations for test class [org.yuliu.heima.Test1]: no resource found for suffixes {-context.xml, Context.groovy}.
2025-05-08 11:44:25.071 [main] INFO  o.s.t.c.support.AnnotationConfigContextLoaderUtils - Could not detect default configuration classes for test class [org.yuliu.heima.Test1]: Test1 does not declare any static, non-private, non-final, nested classes annotated with @Configuration.
2025-05-08 11:44:25.153 [main] INFO  o.s.b.t.context.SpringBootTestContextBootstrapper - Found @SpringBootConfiguration org.yuliu.heima.HeimaApplication for test class org.yuliu.heima.Test1
2025-05-08 11:44:25.231 [main] INFO  o.s.b.t.context.SpringBootTestContextBootstrapper - Loaded default TestExecutionListener class names from location [META-INF/spring.factories]: [org.springframework.boot.test.mock.mockito.MockitoTestExecutionListener, org.springframework.boot.test.mock.mockito.ResetMocksTestExecutionListener, org.springframework.boot.test.autoconfigure.restdocs.RestDocsTestExecutionListener, org.springframework.boot.test.autoconfigure.web.client.MockRestServiceServerResetTestExecutionListener, org.springframework.boot.test.autoconfigure.web.servlet.MockMvcPrintOnlyOnFailureTestExecutionListener, org.springframework.boot.test.autoconfigure.web.servlet.WebDriverTestExecutionListener, org.springframework.boot.test.autoconfigure.webservices.client.MockWebServiceServerTestExecutionListener, org.springframework.test.context.web.ServletTestExecutionListener, org.springframework.test.context.support.DirtiesContextBeforeModesTestExecutionListener, org.springframework.test.context.event.ApplicationEventsTestExecutionListener, org.springframework.test.context.support.DependencyInjectionTestExecutionListener, org.springframework.test.context.support.DirtiesContextTestExecutionListener, org.springframework.test.context.transaction.TransactionalTestExecutionListener, org.springframework.test.context.jdbc.SqlScriptsTestExecutionListener, org.springframework.test.context.event.EventPublishingTestExecutionListener]
2025-05-08 11:44:25.244 [main] INFO  o.s.b.t.context.SpringBootTestContextBootstrapper - Using TestExecutionListeners: [org.springframework.test.context.web.ServletTestExecutionListener@65fe9e33, org.springframework.test.context.support.DirtiesContextBeforeModesTestExecutionListener@18bc345, org.springframework.test.context.event.ApplicationEventsTestExecutionListener@42f8285e, org.springframework.boot.test.mock.mockito.MockitoTestExecutionListener@26bab2f1, org.springframework.boot.test.autoconfigure.SpringBootDependencyInjectionTestExecutionListener@3724af13, org.springframework.test.context.support.DirtiesContextTestExecutionListener@68ead359, org.springframework.test.context.transaction.TransactionalTestExecutionListener@6b53bcc2, org.springframework.test.context.jdbc.SqlScriptsTestExecutionListener@180da663, org.springframework.test.context.event.EventPublishingTestExecutionListener@a43ce46, org.springframework.boot.test.mock.mockito.ResetMocksTestExecutionListener@340da44c, org.springframework.boot.test.autoconfigure.restdocs.RestDocsTestExecutionListener@424ebba3, org.springframework.boot.test.autoconfigure.web.client.MockRestServiceServerResetTestExecutionListener@37052337, org.springframework.boot.test.autoconfigure.web.servlet.MockMvcPrintOnlyOnFailureTestExecutionListener@2320fa6f, org.springframework.boot.test.autoconfigure.web.servlet.WebDriverTestExecutionListener@7a560583, org.springframework.boot.test.autoconfigure.webservices.client.MockWebServiceServerTestExecutionListener@4d722ac9]
2025-05-08 11:44:25.463 [main] INFO  org.yuliu.heima.Test1 - Starting Test1 using Java 17.0.14 on LAPTOP-UVSFVGV1 with PID 23824 (started by yuliu in E:\javaweb\heima)
2025-05-08 11:44:25.465 [main] INFO  org.yuliu.heima.Test1 - No active profile set, falling back to 1 default profile: "default"
2025-05-08 11:44:26.878 [main] INFO  org.yuliu.heima.Test1 - Started Test1 in 1.597 seconds (JVM running for 2.482)
2025-05-08 11:45:09.220 [main] INFO  o.s.b.t.context.SpringBootTestContextBootstrapper - Neither @ContextConfiguration nor @ContextHierarchy found for test class [org.yuliu.heima.Test1], using SpringBootContextLoader
2025-05-08 11:45:09.225 [main] INFO  o.s.test.context.support.AbstractContextLoader - Could not detect default resource locations for test class [org.yuliu.heima.Test1]: no resource found for suffixes {-context.xml, Context.groovy}.
2025-05-08 11:45:09.226 [main] INFO  o.s.t.c.support.AnnotationConfigContextLoaderUtils - Could not detect default configuration classes for test class [org.yuliu.heima.Test1]: Test1 does not declare any static, non-private, non-final, nested classes annotated with @Configuration.
2025-05-08 11:45:09.313 [main] INFO  o.s.b.t.context.SpringBootTestContextBootstrapper - Found @SpringBootConfiguration org.yuliu.heima.HeimaApplication for test class org.yuliu.heima.Test1
2025-05-08 11:45:09.392 [main] INFO  o.s.b.t.context.SpringBootTestContextBootstrapper - Loaded default TestExecutionListener class names from location [META-INF/spring.factories]: [org.springframework.boot.test.mock.mockito.MockitoTestExecutionListener, org.springframework.boot.test.mock.mockito.ResetMocksTestExecutionListener, org.springframework.boot.test.autoconfigure.restdocs.RestDocsTestExecutionListener, org.springframework.boot.test.autoconfigure.web.client.MockRestServiceServerResetTestExecutionListener, org.springframework.boot.test.autoconfigure.web.servlet.MockMvcPrintOnlyOnFailureTestExecutionListener, org.springframework.boot.test.autoconfigure.web.servlet.WebDriverTestExecutionListener, org.springframework.boot.test.autoconfigure.webservices.client.MockWebServiceServerTestExecutionListener, org.springframework.test.context.web.ServletTestExecutionListener, org.springframework.test.context.support.DirtiesContextBeforeModesTestExecutionListener, org.springframework.test.context.event.ApplicationEventsTestExecutionListener, org.springframework.test.context.support.DependencyInjectionTestExecutionListener, org.springframework.test.context.support.DirtiesContextTestExecutionListener, org.springframework.test.context.transaction.TransactionalTestExecutionListener, org.springframework.test.context.jdbc.SqlScriptsTestExecutionListener, org.springframework.test.context.event.EventPublishingTestExecutionListener]
2025-05-08 11:45:09.404 [main] INFO  o.s.b.t.context.SpringBootTestContextBootstrapper - Using TestExecutionListeners: [org.springframework.test.context.web.ServletTestExecutionListener@3724af13, org.springframework.test.context.support.DirtiesContextBeforeModesTestExecutionListener@68ead359, org.springframework.test.context.event.ApplicationEventsTestExecutionListener@6b53bcc2, org.springframework.boot.test.mock.mockito.MockitoTestExecutionListener@180da663, org.springframework.boot.test.autoconfigure.SpringBootDependencyInjectionTestExecutionListener@a43ce46, org.springframework.test.context.support.DirtiesContextTestExecutionListener@340da44c, org.springframework.test.context.transaction.TransactionalTestExecutionListener@424ebba3, org.springframework.test.context.jdbc.SqlScriptsTestExecutionListener@37052337, org.springframework.test.context.event.EventPublishingTestExecutionListener@2320fa6f, org.springframework.boot.test.mock.mockito.ResetMocksTestExecutionListener@7a560583, org.springframework.boot.test.autoconfigure.restdocs.RestDocsTestExecutionListener@4d722ac9, org.springframework.boot.test.autoconfigure.web.client.MockRestServiceServerResetTestExecutionListener@53f0a4cb, org.springframework.boot.test.autoconfigure.web.servlet.MockMvcPrintOnlyOnFailureTestExecutionListener@77a7cf58, org.springframework.boot.test.autoconfigure.web.servlet.WebDriverTestExecutionListener@3d97a632, org.springframework.boot.test.autoconfigure.webservices.client.MockWebServiceServerTestExecutionListener@616fe72b]
2025-05-08 11:45:09.629 [main] INFO  org.yuliu.heima.Test1 - Starting Test1 using Java 17.0.14 on LAPTOP-UVSFVGV1 with PID 15724 (started by yuliu in E:\javaweb\heima)
2025-05-08 11:45:09.631 [main] INFO  org.yuliu.heima.Test1 - No active profile set, falling back to 1 default profile: "default"
2025-05-08 11:45:11.056 [main] INFO  org.yuliu.heima.Test1 - Started Test1 in 1.611 seconds (JVM running for 2.431)
2025-05-08 11:45:15.077 [main] INFO  o.s.b.t.context.SpringBootTestContextBootstrapper - Neither @ContextConfiguration nor @ContextHierarchy found for test class [org.yuliu.heima.Test1], using SpringBootContextLoader
2025-05-08 11:45:15.083 [main] INFO  o.s.test.context.support.AbstractContextLoader - Could not detect default resource locations for test class [org.yuliu.heima.Test1]: no resource found for suffixes {-context.xml, Context.groovy}.
2025-05-08 11:45:15.083 [main] INFO  o.s.t.c.support.AnnotationConfigContextLoaderUtils - Could not detect default configuration classes for test class [org.yuliu.heima.Test1]: Test1 does not declare any static, non-private, non-final, nested classes annotated with @Configuration.
2025-05-08 11:45:15.163 [main] INFO  o.s.b.t.context.SpringBootTestContextBootstrapper - Found @SpringBootConfiguration org.yuliu.heima.HeimaApplication for test class org.yuliu.heima.Test1
2025-05-08 11:45:15.248 [main] INFO  o.s.b.t.context.SpringBootTestContextBootstrapper - Loaded default TestExecutionListener class names from location [META-INF/spring.factories]: [org.springframework.boot.test.mock.mockito.MockitoTestExecutionListener, org.springframework.boot.test.mock.mockito.ResetMocksTestExecutionListener, org.springframework.boot.test.autoconfigure.restdocs.RestDocsTestExecutionListener, org.springframework.boot.test.autoconfigure.web.client.MockRestServiceServerResetTestExecutionListener, org.springframework.boot.test.autoconfigure.web.servlet.MockMvcPrintOnlyOnFailureTestExecutionListener, org.springframework.boot.test.autoconfigure.web.servlet.WebDriverTestExecutionListener, org.springframework.boot.test.autoconfigure.webservices.client.MockWebServiceServerTestExecutionListener, org.springframework.test.context.web.ServletTestExecutionListener, org.springframework.test.context.support.DirtiesContextBeforeModesTestExecutionListener, org.springframework.test.context.event.ApplicationEventsTestExecutionListener, org.springframework.test.context.support.DependencyInjectionTestExecutionListener, org.springframework.test.context.support.DirtiesContextTestExecutionListener, org.springframework.test.context.transaction.TransactionalTestExecutionListener, org.springframework.test.context.jdbc.SqlScriptsTestExecutionListener, org.springframework.test.context.event.EventPublishingTestExecutionListener]
2025-05-08 11:45:15.261 [main] INFO  o.s.b.t.context.SpringBootTestContextBootstrapper - Using TestExecutionListeners: [org.springframework.test.context.web.ServletTestExecutionListener@5af3a0f, org.springframework.test.context.support.DirtiesContextBeforeModesTestExecutionListener@19ae6bb, org.springframework.test.context.event.ApplicationEventsTestExecutionListener@10993713, org.springframework.boot.test.mock.mockito.MockitoTestExecutionListener@58359ebd, org.springframework.boot.test.autoconfigure.SpringBootDependencyInjectionTestExecutionListener@24b6b8f6, org.springframework.test.context.support.DirtiesContextTestExecutionListener@72cf2de5, org.springframework.test.context.transaction.TransactionalTestExecutionListener@2bb7bd00, org.springframework.test.context.jdbc.SqlScriptsTestExecutionListener@5f031ebd, org.springframework.test.context.event.EventPublishingTestExecutionListener@4ee37ca3, org.springframework.boot.test.mock.mockito.ResetMocksTestExecutionListener@45c8d09f, org.springframework.boot.test.autoconfigure.restdocs.RestDocsTestExecutionListener@53812a9b, org.springframework.boot.test.autoconfigure.web.client.MockRestServiceServerResetTestExecutionListener@14b030a0, org.springframework.boot.test.autoconfigure.web.servlet.MockMvcPrintOnlyOnFailureTestExecutionListener@41e350f1, org.springframework.boot.test.autoconfigure.web.servlet.WebDriverTestExecutionListener@422c3c7a, org.springframework.boot.test.autoconfigure.webservices.client.MockWebServiceServerTestExecutionListener@18230356]
2025-05-08 11:45:15.534 [main] INFO  org.yuliu.heima.Test1 - Starting Test1 using Java 17.0.14 on LAPTOP-UVSFVGV1 with PID 1988 (started by yuliu in E:\javaweb\heima)
2025-05-08 11:45:15.534 [main] INFO  org.yuliu.heima.Test1 - No active profile set, falling back to 1 default profile: "default"
2025-05-08 11:45:17.364 [main] INFO  org.yuliu.heima.Test1 - Started Test1 in 2.068 seconds (JVM running for 3.383)
2025-05-08 11:45:42.581 [HikariPool-1 housekeeper] WARN  com.zaxxer.hikari.pool.HikariPool - HikariPool-1 - Thread starvation or clock leap detected (housekeeper delta=54s247ms208µs100ns).
2025-05-08 21:50:12.632 [main] INFO  o.s.b.t.context.SpringBootTestContextBootstrapper - Neither @ContextConfiguration nor @ContextHierarchy found for test class [org.yuliu.heima.Test1], using SpringBootContextLoader
2025-05-08 21:50:12.639 [main] INFO  o.s.test.context.support.AbstractContextLoader - Could not detect default resource locations for test class [org.yuliu.heima.Test1]: no resource found for suffixes {-context.xml, Context.groovy}.
2025-05-08 21:50:12.640 [main] INFO  o.s.t.c.support.AnnotationConfigContextLoaderUtils - Could not detect default configuration classes for test class [org.yuliu.heima.Test1]: Test1 does not declare any static, non-private, non-final, nested classes annotated with @Configuration.
2025-05-08 21:50:12.756 [main] INFO  o.s.b.t.context.SpringBootTestContextBootstrapper - Found @SpringBootConfiguration org.yuliu.heima.HeimaApplication for test class org.yuliu.heima.Test1
2025-05-08 21:50:12.864 [main] INFO  o.s.b.t.context.SpringBootTestContextBootstrapper - Loaded default TestExecutionListener class names from location [META-INF/spring.factories]: [org.springframework.boot.test.mock.mockito.MockitoTestExecutionListener, org.springframework.boot.test.mock.mockito.ResetMocksTestExecutionListener, org.springframework.boot.test.autoconfigure.restdocs.RestDocsTestExecutionListener, org.springframework.boot.test.autoconfigure.web.client.MockRestServiceServerResetTestExecutionListener, org.springframework.boot.test.autoconfigure.web.servlet.MockMvcPrintOnlyOnFailureTestExecutionListener, org.springframework.boot.test.autoconfigure.web.servlet.WebDriverTestExecutionListener, org.springframework.boot.test.autoconfigure.webservices.client.MockWebServiceServerTestExecutionListener, org.springframework.test.context.web.ServletTestExecutionListener, org.springframework.test.context.support.DirtiesContextBeforeModesTestExecutionListener, org.springframework.test.context.event.ApplicationEventsTestExecutionListener, org.springframework.test.context.support.DependencyInjectionTestExecutionListener, org.springframework.test.context.support.DirtiesContextTestExecutionListener, org.springframework.test.context.transaction.TransactionalTestExecutionListener, org.springframework.test.context.jdbc.SqlScriptsTestExecutionListener, org.springframework.test.context.event.EventPublishingTestExecutionListener]
2025-05-08 21:50:12.882 [main] INFO  o.s.b.t.context.SpringBootTestContextBootstrapper - Using TestExecutionListeners: [org.springframework.test.context.web.ServletTestExecutionListener@2c7b5824, org.springframework.test.context.support.DirtiesContextBeforeModesTestExecutionListener@302a07d, org.springframework.test.context.event.ApplicationEventsTestExecutionListener@5cdd09b1, org.springframework.boot.test.mock.mockito.MockitoTestExecutionListener@8c11eee, org.springframework.boot.test.autoconfigure.SpringBootDependencyInjectionTestExecutionListener@7e8dcdaa, org.springframework.test.context.support.DirtiesContextTestExecutionListener@681a8b4e, org.springframework.test.context.transaction.TransactionalTestExecutionListener@5cbe877d, org.springframework.test.context.jdbc.SqlScriptsTestExecutionListener@5c08c46a, org.springframework.test.context.event.EventPublishingTestExecutionListener@4cf8b2dc, org.springframework.boot.test.mock.mockito.ResetMocksTestExecutionListener@708400f6, org.springframework.boot.test.autoconfigure.restdocs.RestDocsTestExecutionListener@5829e4f4, org.springframework.boot.test.autoconfigure.web.client.MockRestServiceServerResetTestExecutionListener@4218500f, org.springframework.boot.test.autoconfigure.web.servlet.MockMvcPrintOnlyOnFailureTestExecutionListener@4bff64c2, org.springframework.boot.test.autoconfigure.web.servlet.WebDriverTestExecutionListener@1b2c4efb, org.springframework.boot.test.autoconfigure.webservices.client.MockWebServiceServerTestExecutionListener@c35172e]
2025-05-08 21:50:13.152 [main] INFO  org.yuliu.heima.Test1 - Starting Test1 using Java 17.0.14 on LAPTOP-UVSFVGV1 with PID 18540 (started by yuliu in E:\javaweb\heima)
2025-05-08 21:50:13.153 [main] INFO  org.yuliu.heima.Test1 - No active profile set, falling back to 1 default profile: "default"
2025-05-08 21:50:14.194 [main] WARN  o.s.w.context.support.GenericWebApplicationContext - Exception encountered during context initialization - cancelling refresh attempt: org.springframework.beans.factory.UnsatisfiedDependencyException: Error creating bean with name 'empController': Unsatisfied dependency expressed through field 'empService'; nested exception is org.springframework.beans.factory.NoSuchBeanDefinitionException: No qualifying bean of type 'org.yuliu.heima.demos.web.service.EmpService' available: expected at least 1 bean which qualifies as autowire candidate. Dependency annotations: {@org.springframework.beans.factory.annotation.Autowired(required=true)}
2025-05-08 21:50:14.227 [main] ERROR o.s.b.diagnostics.LoggingFailureAnalysisReporter - 

***************************
APPLICATION FAILED TO START
***************************

Description:

Field empService in org.yuliu.heima.demos.web.controller.EmpController required a bean of type 'org.yuliu.heima.demos.web.service.EmpService' that could not be found.

The injection point has the following annotations:
	- @org.springframework.beans.factory.annotation.Autowired(required=true)


Action:

Consider defining a bean of type 'org.yuliu.heima.demos.web.service.EmpService' in your configuration.

2025-05-08 21:50:14.230 [main] ERROR o.springframework.test.context.TestContextManager - Caught exception while allowing TestExecutionListener [org.springframework.test.context.web.ServletTestExecutionListener@2c7b5824] to prepare test instance [org.yuliu.heima.Test1@7b81616b]
java.lang.IllegalStateException: Failed to load ApplicationContext
	at org.springframework.test.context.cache.DefaultCacheAwareContextLoaderDelegate.loadContext(DefaultCacheAwareContextLoaderDelegate.java:98)
	at org.springframework.test.context.support.DefaultTestContext.getApplicationContext(DefaultTestContext.java:124)
	at org.springframework.test.context.web.ServletTestExecutionListener.setUpRequestContextIfNecessary(ServletTestExecutionListener.java:190)
	at org.springframework.test.context.web.ServletTestExecutionListener.prepareTestInstance(ServletTestExecutionListener.java:132)
	at org.springframework.test.context.TestContextManager.prepareTestInstance(TestContextManager.java:248)
	at org.springframework.test.context.junit.jupiter.SpringExtension.postProcessTestInstance(SpringExtension.java:138)
	at org.junit.jupiter.engine.descriptor.ClassBasedTestDescriptor.lambda$invokeTestInstancePostProcessors$8(ClassBasedTestDescriptor.java:363)
	at org.junit.jupiter.engine.descriptor.ClassBasedTestDescriptor.executeAndMaskThrowable(ClassBasedTestDescriptor.java:368)
	at org.junit.jupiter.engine.descriptor.ClassBasedTestDescriptor.lambda$invokeTestInstancePostProcessors$9(ClassBasedTestDescriptor.java:363)
	at java.base/java.util.stream.ReferencePipeline$3$1.accept(ReferencePipeline.java:197)
	at java.base/java.util.stream.ReferencePipeline$2$1.accept(ReferencePipeline.java:179)
	at java.base/java.util.ArrayList$ArrayListSpliterator.forEachRemaining(ArrayList.java:1625)
	at java.base/java.util.stream.AbstractPipeline.copyInto(AbstractPipeline.java:509)
	at java.base/java.util.stream.AbstractPipeline.wrapAndCopyInto(AbstractPipeline.java:499)
	at java.base/java.util.stream.StreamSpliterators$WrappingSpliterator.forEachRemaining(StreamSpliterators.java:310)
	at java.base/java.util.stream.Streams$ConcatSpliterator.forEachRemaining(Streams.java:735)
	at java.base/java.util.stream.Streams$ConcatSpliterator.forEachRemaining(Streams.java:734)
	at java.base/java.util.stream.ReferencePipeline$Head.forEach(ReferencePipeline.java:762)
	at org.junit.jupiter.engine.descriptor.ClassBasedTestDescriptor.invokeTestInstancePostProcessors(ClassBasedTestDescriptor.java:362)
	at org.junit.jupiter.engine.descriptor.ClassBasedTestDescriptor.lambda$instantiateAndPostProcessTestInstance$6(ClassBasedTestDescriptor.java:283)
	at org.junit.platform.engine.support.hierarchical.ThrowableCollector.execute(ThrowableCollector.java:73)
	at org.junit.jupiter.engine.descriptor.ClassBasedTestDescriptor.instantiateAndPostProcessTestInstance(ClassBasedTestDescriptor.java:282)
	at org.junit.jupiter.engine.descriptor.ClassBasedTestDescriptor.lambda$testInstancesProvider$4(ClassBasedTestDescriptor.java:272)
	at java.base/java.util.Optional.orElseGet(Optional.java:364)
	at org.junit.jupiter.engine.descriptor.ClassBasedTestDescriptor.lambda$testInstancesProvider$5(ClassBasedTestDescriptor.java:271)
	at org.junit.jupiter.engine.execution.TestInstancesProvider.getTestInstances(TestInstancesProvider.java:31)
	at org.junit.jupiter.engine.descriptor.TestMethodTestDescriptor.lambda$prepare$0(TestMethodTestDescriptor.java:102)
	at org.junit.platform.engine.support.hierarchical.ThrowableCollector.execute(ThrowableCollector.java:73)
	at org.junit.jupiter.engine.descriptor.TestMethodTestDescriptor.prepare(TestMethodTestDescriptor.java:101)
	at org.junit.jupiter.engine.descriptor.TestMethodTestDescriptor.prepare(TestMethodTestDescriptor.java:66)
	at org.junit.platform.engine.support.hierarchical.NodeTestTask.lambda$prepare$2(NodeTestTask.java:123)
	at org.junit.platform.engine.support.hierarchical.ThrowableCollector.execute(ThrowableCollector.java:73)
	at org.junit.platform.engine.support.hierarchical.NodeTestTask.prepare(NodeTestTask.java:123)
	at org.junit.platform.engine.support.hierarchical.NodeTestTask.execute(NodeTestTask.java:90)
	at java.base/java.util.ArrayList.forEach(ArrayList.java:1511)
	at org.junit.platform.engine.support.hierarchical.SameThreadHierarchicalTestExecutorService.invokeAll(SameThreadHierarchicalTestExecutorService.java:41)
	at org.junit.platform.engine.support.hierarchical.NodeTestTask.lambda$executeRecursively$6(NodeTestTask.java:155)
	at org.junit.platform.engine.support.hierarchical.ThrowableCollector.execute(ThrowableCollector.java:73)
	at org.junit.platform.engine.support.hierarchical.NodeTestTask.lambda$executeRecursively$8(NodeTestTask.java:141)
	at org.junit.platform.engine.support.hierarchical.Node.around(Node.java:137)
	at org.junit.platform.engine.support.hierarchical.NodeTestTask.lambda$executeRecursively$9(NodeTestTask.java:139)
	at org.junit.platform.engine.support.hierarchical.ThrowableCollector.execute(ThrowableCollector.java:73)
	at org.junit.platform.engine.support.hierarchical.NodeTestTask.executeRecursively(NodeTestTask.java:138)
	at org.junit.platform.engine.support.hierarchical.NodeTestTask.execute(NodeTestTask.java:95)
	at java.base/java.util.ArrayList.forEach(ArrayList.java:1511)
	at org.junit.platform.engine.support.hierarchical.SameThreadHierarchicalTestExecutorService.invokeAll(SameThreadHierarchicalTestExecutorService.java:41)
	at org.junit.platform.engine.support.hierarchical.NodeTestTask.lambda$executeRecursively$6(NodeTestTask.java:155)
	at org.junit.platform.engine.support.hierarchical.ThrowableCollector.execute(ThrowableCollector.java:73)
	at org.junit.platform.engine.support.hierarchical.NodeTestTask.lambda$executeRecursively$8(NodeTestTask.java:141)
	at org.junit.platform.engine.support.hierarchical.Node.around(Node.java:137)
	at org.junit.platform.engine.support.hierarchical.NodeTestTask.lambda$executeRecursively$9(NodeTestTask.java:139)
	at org.junit.platform.engine.support.hierarchical.ThrowableCollector.execute(ThrowableCollector.java:73)
	at org.junit.platform.engine.support.hierarchical.NodeTestTask.executeRecursively(NodeTestTask.java:138)
	at org.junit.platform.engine.support.hierarchical.NodeTestTask.execute(NodeTestTask.java:95)
	at org.junit.platform.engine.support.hierarchical.SameThreadHierarchicalTestExecutorService.submit(SameThreadHierarchicalTestExecutorService.java:35)
	at org.junit.platform.engine.support.hierarchical.HierarchicalTestExecutor.execute(HierarchicalTestExecutor.java:57)
	at org.junit.platform.engine.support.hierarchical.HierarchicalTestEngine.execute(HierarchicalTestEngine.java:54)
	at org.junit.platform.launcher.core.EngineExecutionOrchestrator.execute(EngineExecutionOrchestrator.java:107)
	at org.junit.platform.launcher.core.EngineExecutionOrchestrator.execute(EngineExecutionOrchestrator.java:88)
	at org.junit.platform.launcher.core.EngineExecutionOrchestrator.lambda$execute$0(EngineExecutionOrchestrator.java:54)
	at org.junit.platform.launcher.core.EngineExecutionOrchestrator.withInterceptedStreams(EngineExecutionOrchestrator.java:67)
	at org.junit.platform.launcher.core.EngineExecutionOrchestrator.execute(EngineExecutionOrchestrator.java:52)
	at org.junit.platform.launcher.core.DefaultLauncher.execute(DefaultLauncher.java:114)
	at org.junit.platform.launcher.core.DefaultLauncher.execute(DefaultLauncher.java:86)
	at org.junit.platform.launcher.core.DefaultLauncherSession$DelegatingLauncher.execute(DefaultLauncherSession.java:86)
	at org.junit.platform.launcher.core.SessionPerRequestLauncher.execute(SessionPerRequestLauncher.java:53)
	at com.intellij.junit5.JUnit5IdeaTestRunner.startRunnerWithArgs(JUnit5IdeaTestRunner.java:57)
	at com.intellij.rt.junit.IdeaTestRunner$Repeater$1.execute(IdeaTestRunner.java:38)
	at com.intellij.rt.execution.junit.TestsRepeater.repeat(TestsRepeater.java:11)
	at com.intellij.rt.junit.IdeaTestRunner$Repeater.startRunnerWithArgs(IdeaTestRunner.java:35)
	at com.intellij.rt.junit.JUnitStarter.prepareStreamsAndStart(JUnitStarter.java:231)
	at com.intellij.rt.junit.JUnitStarter.main(JUnitStarter.java:55)
Caused by: org.springframework.beans.factory.UnsatisfiedDependencyException: Error creating bean with name 'empController': Unsatisfied dependency expressed through field 'empService'; nested exception is org.springframework.beans.factory.NoSuchBeanDefinitionException: No qualifying bean of type 'org.yuliu.heima.demos.web.service.EmpService' available: expected at least 1 bean which qualifies as autowire candidate. Dependency annotations: {@org.springframework.beans.factory.annotation.Autowired(required=true)}
	at org.springframework.beans.factory.annotation.AutowiredAnnotationBeanPostProcessor$AutowiredFieldElement.resolveFieldValue(AutowiredAnnotationBeanPostProcessor.java:659)
	at org.springframework.beans.factory.annotation.AutowiredAnnotationBeanPostProcessor$AutowiredFieldElement.inject(AutowiredAnnotationBeanPostProcessor.java:639)
	at org.springframework.beans.factory.annotation.InjectionMetadata.inject(InjectionMetadata.java:119)
	at org.springframework.beans.factory.annotation.AutowiredAnnotationBeanPostProcessor.postProcessProperties(AutowiredAnnotationBeanPostProcessor.java:399)
	at org.springframework.beans.factory.support.AbstractAutowireCapableBeanFactory.populateBean(AbstractAutowireCapableBeanFactory.java:1431)
	at org.springframework.beans.factory.support.AbstractAutowireCapableBeanFactory.doCreateBean(AbstractAutowireCapableBeanFactory.java:619)
	at org.springframework.beans.factory.support.AbstractAutowireCapableBeanFactory.createBean(AbstractAutowireCapableBeanFactory.java:542)
	at org.springframework.beans.factory.support.AbstractBeanFactory.lambda$doGetBean$0(AbstractBeanFactory.java:335)
	at org.springframework.beans.factory.support.DefaultSingletonBeanRegistry.getSingleton(DefaultSingletonBeanRegistry.java:234)
	at org.springframework.beans.factory.support.AbstractBeanFactory.doGetBean(AbstractBeanFactory.java:333)
	at org.springframework.beans.factory.support.AbstractBeanFactory.getBean(AbstractBeanFactory.java:208)
	at org.springframework.beans.factory.support.DefaultListableBeanFactory.preInstantiateSingletons(DefaultListableBeanFactory.java:955)
	at org.springframework.context.support.AbstractApplicationContext.finishBeanFactoryInitialization(AbstractApplicationContext.java:918)
	at org.springframework.context.support.AbstractApplicationContext.refresh(AbstractApplicationContext.java:583)
	at org.springframework.boot.SpringApplication.refresh(SpringApplication.java:745)
	at org.springframework.boot.SpringApplication.refreshContext(SpringApplication.java:420)
	at org.springframework.boot.SpringApplication.run(SpringApplication.java:307)
	at org.springframework.boot.test.context.SpringBootContextLoader.loadContext(SpringBootContextLoader.java:144)
	at org.springframework.test.context.cache.DefaultCacheAwareContextLoaderDelegate.loadContextInternal(DefaultCacheAwareContextLoaderDelegate.java:141)
	at org.springframework.test.context.cache.DefaultCacheAwareContextLoaderDelegate.loadContext(DefaultCacheAwareContextLoaderDelegate.java:90)
	... 71 common frames omitted
Caused by: org.springframework.beans.factory.NoSuchBeanDefinitionException: No qualifying bean of type 'org.yuliu.heima.demos.web.service.EmpService' available: expected at least 1 bean which qualifies as autowire candidate. Dependency annotations: {@org.springframework.beans.factory.annotation.Autowired(required=true)}
	at org.springframework.beans.factory.support.DefaultListableBeanFactory.raiseNoMatchingBeanFound(DefaultListableBeanFactory.java:1801)
	at org.springframework.beans.factory.support.DefaultListableBeanFactory.doResolveDependency(DefaultListableBeanFactory.java:1357)
	at org.springframework.beans.factory.support.DefaultListableBeanFactory.resolveDependency(DefaultListableBeanFactory.java:1311)
	at org.springframework.beans.factory.annotation.AutowiredAnnotationBeanPostProcessor$AutowiredFieldElement.resolveFieldValue(AutowiredAnnotationBeanPostProcessor.java:656)
	... 90 common frames omitted
2025-05-08 21:52:19.754 [main] INFO  o.s.b.t.context.SpringBootTestContextBootstrapper - Neither @ContextConfiguration nor @ContextHierarchy found for test class [org.yuliu.heima.Test1], using SpringBootContextLoader
2025-05-08 21:52:19.759 [main] INFO  o.s.test.context.support.AbstractContextLoader - Could not detect default resource locations for test class [org.yuliu.heima.Test1]: no resource found for suffixes {-context.xml, Context.groovy}.
2025-05-08 21:52:19.759 [main] INFO  o.s.t.c.support.AnnotationConfigContextLoaderUtils - Could not detect default configuration classes for test class [org.yuliu.heima.Test1]: Test1 does not declare any static, non-private, non-final, nested classes annotated with @Configuration.
2025-05-08 21:52:19.859 [main] INFO  o.s.b.t.context.SpringBootTestContextBootstrapper - Found @SpringBootConfiguration org.yuliu.heima.HeimaApplication for test class org.yuliu.heima.Test1
2025-05-08 21:52:19.958 [main] INFO  o.s.b.t.context.SpringBootTestContextBootstrapper - Loaded default TestExecutionListener class names from location [META-INF/spring.factories]: [org.springframework.boot.test.mock.mockito.MockitoTestExecutionListener, org.springframework.boot.test.mock.mockito.ResetMocksTestExecutionListener, org.springframework.boot.test.autoconfigure.restdocs.RestDocsTestExecutionListener, org.springframework.boot.test.autoconfigure.web.client.MockRestServiceServerResetTestExecutionListener, org.springframework.boot.test.autoconfigure.web.servlet.MockMvcPrintOnlyOnFailureTestExecutionListener, org.springframework.boot.test.autoconfigure.web.servlet.WebDriverTestExecutionListener, org.springframework.boot.test.autoconfigure.webservices.client.MockWebServiceServerTestExecutionListener, org.springframework.test.context.web.ServletTestExecutionListener, org.springframework.test.context.support.DirtiesContextBeforeModesTestExecutionListener, org.springframework.test.context.event.ApplicationEventsTestExecutionListener, org.springframework.test.context.support.DependencyInjectionTestExecutionListener, org.springframework.test.context.support.DirtiesContextTestExecutionListener, org.springframework.test.context.transaction.TransactionalTestExecutionListener, org.springframework.test.context.jdbc.SqlScriptsTestExecutionListener, org.springframework.test.context.event.EventPublishingTestExecutionListener]
2025-05-08 21:52:19.975 [main] INFO  o.s.b.t.context.SpringBootTestContextBootstrapper - Using TestExecutionListeners: [org.springframework.test.context.web.ServletTestExecutionListener@180da663, org.springframework.test.context.support.DirtiesContextBeforeModesTestExecutionListener@a43ce46, org.springframework.test.context.event.ApplicationEventsTestExecutionListener@340da44c, org.springframework.boot.test.mock.mockito.MockitoTestExecutionListener@424ebba3, org.springframework.boot.test.autoconfigure.SpringBootDependencyInjectionTestExecutionListener@37052337, org.springframework.test.context.support.DirtiesContextTestExecutionListener@2320fa6f, org.springframework.test.context.transaction.TransactionalTestExecutionListener@7a560583, org.springframework.test.context.jdbc.SqlScriptsTestExecutionListener@4d722ac9, org.springframework.test.context.event.EventPublishingTestExecutionListener@53f0a4cb, org.springframework.boot.test.mock.mockito.ResetMocksTestExecutionListener@77a7cf58, org.springframework.boot.test.autoconfigure.restdocs.RestDocsTestExecutionListener@3d97a632, org.springframework.boot.test.autoconfigure.web.client.MockRestServiceServerResetTestExecutionListener@616fe72b, org.springframework.boot.test.autoconfigure.web.servlet.MockMvcPrintOnlyOnFailureTestExecutionListener@37efd131, org.springframework.boot.test.autoconfigure.web.servlet.WebDriverTestExecutionListener@7e7b159b, org.springframework.boot.test.autoconfigure.webservices.client.MockWebServiceServerTestExecutionListener@7e5d9a50]
2025-05-08 21:52:20.230 [main] INFO  org.yuliu.heima.Test1 - Starting Test1 using Java 17.0.14 on LAPTOP-UVSFVGV1 with PID 24376 (started by yuliu in E:\javaweb\heima)
2025-05-08 21:52:20.231 [main] INFO  org.yuliu.heima.Test1 - No active profile set, falling back to 1 default profile: "default"
2025-05-08 21:52:21.916 [main] INFO  org.yuliu.heima.Test1 - Started Test1 in 1.901 seconds (JVM running for 2.94)
2025-05-08 21:58:24.147 [main] INFO  org.yuliu.heima.HeimaApplication - Starting HeimaApplication using Java 17.0.14 on LAPTOP-UVSFVGV1 with PID 11196 (E:\javaweb\heima\target\classes started by yuliu in E:\javaweb\heima)
2025-05-08 21:58:24.151 [main] INFO  org.yuliu.heima.HeimaApplication - No active profile set, falling back to 1 default profile: "default"
2025-05-08 21:58:25.633 [main] INFO  org.yuliu.heima.HeimaApplication - Started HeimaApplication in 1.86 seconds (JVM running for 2.645)
2025-05-08 21:58:28.346 [http-nio-8080-exec-3] INFO  o.yuliu.heima.demos.web.controller.DeptController - 查询所有部门数据
2025-05-08 22:01:28.438 [http-nio-8080-exec-2] INFO  org.yuliu.heima.demos.web.controller.EmpController - 分页查询员工，参数page，pageSize：1,10
2025-05-08 22:01:52.633 [http-nio-8080-exec-4] INFO  org.yuliu.heima.demos.web.controller.EmpController - 分页查询员工，参数page，pageSize：1,10
2025-05-08 22:02:25.872 [http-nio-8080-exec-6] INFO  org.yuliu.heima.demos.web.controller.EmpController - 分页查询员工，参数page，pageSize：1,10
2025-05-08 22:05:53.943 [main] INFO  o.s.b.t.context.SpringBootTestContextBootstrapper - Neither @ContextConfiguration nor @ContextHierarchy found for test class [org.yuliu.heima.Test1], using SpringBootContextLoader
2025-05-08 22:05:53.949 [main] INFO  o.s.test.context.support.AbstractContextLoader - Could not detect default resource locations for test class [org.yuliu.heima.Test1]: no resource found for suffixes {-context.xml, Context.groovy}.
2025-05-08 22:05:53.950 [main] INFO  o.s.t.c.support.AnnotationConfigContextLoaderUtils - Could not detect default configuration classes for test class [org.yuliu.heima.Test1]: Test1 does not declare any static, non-private, non-final, nested classes annotated with @Configuration.
2025-05-08 22:05:54.065 [main] INFO  o.s.b.t.context.SpringBootTestContextBootstrapper - Found @SpringBootConfiguration org.yuliu.heima.HeimaApplication for test class org.yuliu.heima.Test1
2025-05-08 22:05:54.177 [main] INFO  o.s.b.t.context.SpringBootTestContextBootstrapper - Loaded default TestExecutionListener class names from location [META-INF/spring.factories]: [org.springframework.boot.test.mock.mockito.MockitoTestExecutionListener, org.springframework.boot.test.mock.mockito.ResetMocksTestExecutionListener, org.springframework.boot.test.autoconfigure.restdocs.RestDocsTestExecutionListener, org.springframework.boot.test.autoconfigure.web.client.MockRestServiceServerResetTestExecutionListener, org.springframework.boot.test.autoconfigure.web.servlet.MockMvcPrintOnlyOnFailureTestExecutionListener, org.springframework.boot.test.autoconfigure.web.servlet.WebDriverTestExecutionListener, org.springframework.boot.test.autoconfigure.webservices.client.MockWebServiceServerTestExecutionListener, org.springframework.test.context.web.ServletTestExecutionListener, org.springframework.test.context.support.DirtiesContextBeforeModesTestExecutionListener, org.springframework.test.context.event.ApplicationEventsTestExecutionListener, org.springframework.test.context.support.DependencyInjectionTestExecutionListener, org.springframework.test.context.support.DirtiesContextTestExecutionListener, org.springframework.test.context.transaction.TransactionalTestExecutionListener, org.springframework.test.context.jdbc.SqlScriptsTestExecutionListener, org.springframework.test.context.event.EventPublishingTestExecutionListener]
2025-05-08 22:05:54.197 [main] INFO  o.s.b.t.context.SpringBootTestContextBootstrapper - Using TestExecutionListeners: [org.springframework.test.context.web.ServletTestExecutionListener@44040454, org.springframework.test.context.support.DirtiesContextBeforeModesTestExecutionListener@65fe9e33, org.springframework.test.context.event.ApplicationEventsTestExecutionListener@18bc345, org.springframework.boot.test.mock.mockito.MockitoTestExecutionListener@42f8285e, org.springframework.boot.test.autoconfigure.SpringBootDependencyInjectionTestExecutionListener@26bab2f1, org.springframework.test.context.support.DirtiesContextTestExecutionListener@3724af13, org.springframework.test.context.transaction.TransactionalTestExecutionListener@68ead359, org.springframework.test.context.jdbc.SqlScriptsTestExecutionListener@6b53bcc2, org.springframework.test.context.event.EventPublishingTestExecutionListener@180da663, org.springframework.boot.test.mock.mockito.ResetMocksTestExecutionListener@a43ce46, org.springframework.boot.test.autoconfigure.restdocs.RestDocsTestExecutionListener@340da44c, org.springframework.boot.test.autoconfigure.web.client.MockRestServiceServerResetTestExecutionListener@424ebba3, org.springframework.boot.test.autoconfigure.web.servlet.MockMvcPrintOnlyOnFailureTestExecutionListener@37052337, org.springframework.boot.test.autoconfigure.web.servlet.WebDriverTestExecutionListener@2320fa6f, org.springframework.boot.test.autoconfigure.webservices.client.MockWebServiceServerTestExecutionListener@7a560583]
2025-05-08 22:05:54.515 [main] INFO  org.yuliu.heima.Test1 - Starting Test1 using Java 17.0.14 on LAPTOP-UVSFVGV1 with PID 3308 (started by yuliu in E:\javaweb\heima)
2025-05-08 22:05:54.516 [main] INFO  org.yuliu.heima.Test1 - No active profile set, falling back to 1 default profile: "default"
2025-05-08 22:05:56.275 [main] INFO  org.yuliu.heima.Test1 - Started Test1 in 2.03 seconds (JVM running for 3.174)
2025-05-08 22:16:26.802 [main] INFO  org.yuliu.heima.HeimaApplication - Starting HeimaApplication using Java 17.0.14 on LAPTOP-UVSFVGV1 with PID 25652 (E:\javaweb\heima\target\classes started by yuliu in E:\javaweb\heima)
2025-05-08 22:16:26.804 [main] INFO  org.yuliu.heima.HeimaApplication - No active profile set, falling back to 1 default profile: "default"
2025-05-08 22:16:28.119 [main] INFO  org.yuliu.heima.HeimaApplication - Started HeimaApplication in 1.615 seconds (JVM running for 2.27)
2025-05-08 22:16:33.832 [http-nio-8080-exec-1] INFO  o.yuliu.heima.demos.web.controller.DeptController - 查询所有部门数据
2025-05-08 22:16:35.942 [http-nio-8080-exec-5] INFO  o.yuliu.heima.demos.web.controller.DeptController - 查询所有部门数据
2025-05-08 22:16:39.555 [http-nio-8080-exec-4] INFO  o.yuliu.heima.demos.web.controller.DeptController - 查询所有部门数据
2025-05-08 22:16:45.137 [http-nio-8080-exec-3] INFO  o.yuliu.heima.demos.web.controller.DeptController - 修改的部门为：Dept(id=7, name=zr1, createTime=null, updateTime=null)
2025-05-08 22:16:45.181 [http-nio-8080-exec-6] INFO  o.yuliu.heima.demos.web.controller.DeptController - 查询所有部门数据
2025-05-08 22:16:48.805 [http-nio-8080-exec-8] INFO  o.yuliu.heima.demos.web.controller.DeptController - 查询所有部门数据
2025-05-08 22:16:52.462 [http-nio-8080-exec-9] INFO  o.yuliu.heima.demos.web.controller.DeptController - 查询所有部门数据
2025-05-08 22:16:54.555 [http-nio-8080-exec-10] INFO  o.yuliu.heima.demos.web.controller.DeptController - 查询所有部门数据
2025-05-08 22:17:06.607 [main] INFO  org.yuliu.heima.HeimaApplication - Starting HeimaApplication using Java 17.0.14 on LAPTOP-UVSFVGV1 with PID 11532 (E:\javaweb\heima\target\classes started by yuliu in E:\javaweb\heima)
2025-05-08 22:17:06.610 [main] INFO  org.yuliu.heima.HeimaApplication - No active profile set, falling back to 1 default profile: "default"
2025-05-08 22:17:07.925 [main] INFO  org.yuliu.heima.HeimaApplication - Started HeimaApplication in 1.604 seconds (JVM running for 2.244)
2025-05-08 22:17:08.024 [http-nio-8080-exec-2] INFO  o.yuliu.heima.demos.web.controller.DeptController - 查询所有部门数据
2025-05-08 22:17:10.749 [http-nio-8080-exec-4] INFO  o.yuliu.heima.demos.web.controller.DeptController - 查询所有部门数据
2025-05-08 22:17:12.561 [http-nio-8080-exec-5] INFO  o.yuliu.heima.demos.web.controller.DeptController - 查询所有部门数据
2025-05-08 22:17:41.124 [main] INFO  org.yuliu.heima.HeimaApplication - Starting HeimaApplication using Java 17.0.14 on LAPTOP-UVSFVGV1 with PID 25876 (E:\javaweb\heima\target\classes started by yuliu in E:\javaweb\heima)
2025-05-08 22:17:41.127 [main] INFO  org.yuliu.heima.HeimaApplication - No active profile set, falling back to 1 default profile: "default"
2025-05-08 22:17:42.359 [main] INFO  org.yuliu.heima.HeimaApplication - Started HeimaApplication in 1.598 seconds (JVM running for 2.39)
2025-05-08 22:17:52.469 [http-nio-8080-exec-2] INFO  o.yuliu.heima.demos.web.controller.DeptController - 查询所有部门数据
2025-05-08 22:18:08.719 [http-nio-8080-exec-4] INFO  o.yuliu.heima.demos.web.controller.DeptController - 查询所有部门数据
2025-05-08 22:18:17.315 [main] INFO  org.yuliu.heima.HeimaApplication - Starting HeimaApplication using Java 17.0.14 on LAPTOP-UVSFVGV1 with PID 25756 (E:\javaweb\heima\target\classes started by yuliu in E:\javaweb\heima)
2025-05-08 22:18:17.318 [main] INFO  org.yuliu.heima.HeimaApplication - No active profile set, falling back to 1 default profile: "default"
2025-05-08 22:18:18.578 [main] INFO  org.yuliu.heima.HeimaApplication - Started HeimaApplication in 1.577 seconds (JVM running for 2.217)
2025-05-08 22:18:18.766 [http-nio-8080-exec-3] INFO  o.yuliu.heima.demos.web.controller.DeptController - 查询所有部门数据
2025-05-08 22:18:32.668 [http-nio-8080-exec-8] INFO  o.yuliu.heima.demos.web.controller.DeptController - 查询所有部门数据
2025-05-08 22:19:22.999 [main] INFO  org.yuliu.heima.HeimaApplication - Starting HeimaApplication using Java 17.0.14 on LAPTOP-UVSFVGV1 with PID 11672 (E:\javaweb\heima\target\classes started by yuliu in E:\javaweb\heima)
2025-05-08 22:19:23.003 [main] INFO  org.yuliu.heima.HeimaApplication - No active profile set, falling back to 1 default profile: "default"
2025-05-08 22:19:24.312 [main] INFO  org.yuliu.heima.HeimaApplication - Started HeimaApplication in 1.605 seconds (JVM running for 2.269)
2025-05-08 22:19:24.453 [http-nio-8080-exec-2] INFO  o.yuliu.heima.demos.web.controller.DeptController - 查询所有部门数据
2025-05-08 22:19:26.585 [http-nio-8080-exec-6] INFO  o.yuliu.heima.demos.web.controller.DeptController - 查询所有部门数据
2025-05-08 22:19:27.891 [http-nio-8080-exec-4] INFO  o.yuliu.heima.demos.web.controller.DeptController - 查询所有部门数据
2025-05-08 22:22:47.851 [http-nio-8080-exec-1] INFO  o.yuliu.heima.demos.web.controller.DeptController - 查询所有部门数据
2025-05-08 22:23:44.125 [main] INFO  org.yuliu.heima.HeimaApplication - Starting HeimaApplication using Java 17.0.14 on LAPTOP-UVSFVGV1 with PID 27364 (E:\javaweb\heima\target\classes started by yuliu in E:\javaweb\heima)
2025-05-08 22:23:44.125 [main] INFO  org.yuliu.heima.HeimaApplication - No active profile set, falling back to 1 default profile: "default"
2025-05-08 22:23:45.392 [main] INFO  org.yuliu.heima.HeimaApplication - Started HeimaApplication in 1.558 seconds (JVM running for 2.183)
2025-05-08 22:23:47.286 [http-nio-8080-exec-5] INFO  o.yuliu.heima.demos.web.controller.DeptController - 查询所有部门数据
2025-05-08 22:23:49.543 [http-nio-8080-exec-10] INFO  o.yuliu.heima.demos.web.controller.DeptController - 查询所有部门数据
2025-05-08 22:32:31.335 [main] INFO  org.yuliu.heima.HeimaApplication - Starting HeimaApplication using Java 17.0.14 on LAPTOP-UVSFVGV1 with PID 21712 (E:\javaweb\heima\target\classes started by yuliu in E:\javaweb\heima)
2025-05-08 22:32:31.338 [main] INFO  org.yuliu.heima.HeimaApplication - No active profile set, falling back to 1 default profile: "default"
2025-05-08 22:32:32.708 [main] INFO  org.yuliu.heima.HeimaApplication - Started HeimaApplication in 1.703 seconds (JVM running for 2.424)
2025-05-08 22:32:35.861 [http-nio-8080-exec-3] INFO  o.yuliu.heima.demos.web.controller.DeptController - 查询所有部门数据
2025-05-08 22:32:38.435 [http-nio-8080-exec-4] INFO  o.yuliu.heima.demos.web.controller.DeptController - 根据id查询部门：1
2025-05-08 22:32:41.200 [http-nio-8080-exec-5] INFO  o.yuliu.heima.demos.web.controller.DeptController - 根据id查询部门：2
2025-05-08 22:32:42.457 [http-nio-8080-exec-6] INFO  o.yuliu.heima.demos.web.controller.DeptController - 根据id查询部门：3
2025-05-08 22:32:43.979 [http-nio-8080-exec-7] INFO  o.yuliu.heima.demos.web.controller.DeptController - 根据id查询部门：4
2025-05-08 22:32:45.529 [http-nio-8080-exec-8] INFO  o.yuliu.heima.demos.web.controller.DeptController - 根据id查询部门：4
2025-05-08 22:32:46.474 [http-nio-8080-exec-9] INFO  o.yuliu.heima.demos.web.controller.DeptController - 根据id查询部门：4
2025-05-08 22:32:48.371 [http-nio-8080-exec-10] INFO  o.yuliu.heima.demos.web.controller.DeptController - 根据id查询部门：5
2025-05-08 22:32:50.734 [http-nio-8080-exec-1] INFO  o.yuliu.heima.demos.web.controller.DeptController - 根据id查询部门：111
2025-05-08 22:32:51.303 [http-nio-8080-exec-2] INFO  o.yuliu.heima.demos.web.controller.DeptController - 根据id查询部门：111
2025-05-08 22:32:51.503 [http-nio-8080-exec-3] INFO  o.yuliu.heima.demos.web.controller.DeptController - 根据id查询部门：111
2025-05-08 22:32:51.682 [http-nio-8080-exec-4] INFO  o.yuliu.heima.demos.web.controller.DeptController - 根据id查询部门：111
2025-05-08 22:32:51.840 [http-nio-8080-exec-5] INFO  o.yuliu.heima.demos.web.controller.DeptController - 根据id查询部门：111
2025-05-08 22:32:52.008 [http-nio-8080-exec-6] INFO  o.yuliu.heima.demos.web.controller.DeptController - 根据id查询部门：111
2025-05-08 22:32:52.186 [http-nio-8080-exec-7] INFO  o.yuliu.heima.demos.web.controller.DeptController - 根据id查询部门：111
2025-05-08 22:32:52.346 [http-nio-8080-exec-8] INFO  o.yuliu.heima.demos.web.controller.DeptController - 根据id查询部门：111
2025-05-08 22:32:52.514 [http-nio-8080-exec-9] INFO  o.yuliu.heima.demos.web.controller.DeptController - 根据id查询部门：111
2025-05-08 22:32:52.681 [http-nio-8080-exec-10] INFO  o.yuliu.heima.demos.web.controller.DeptController - 根据id查询部门：111
2025-05-08 22:32:52.857 [http-nio-8080-exec-1] INFO  o.yuliu.heima.demos.web.controller.DeptController - 根据id查询部门：111
2025-05-08 22:32:53.027 [http-nio-8080-exec-2] INFO  o.yuliu.heima.demos.web.controller.DeptController - 根据id查询部门：111
2025-05-08 22:32:53.194 [http-nio-8080-exec-3] INFO  o.yuliu.heima.demos.web.controller.DeptController - 根据id查询部门：111
2025-05-08 22:32:53.411 [http-nio-8080-exec-4] INFO  o.yuliu.heima.demos.web.controller.DeptController - 根据id查询部门：111
2025-05-08 22:32:53.580 [http-nio-8080-exec-5] INFO  o.yuliu.heima.demos.web.controller.DeptController - 根据id查询部门：111
2025-05-08 22:32:57.452 [http-nio-8080-exec-6] INFO  o.yuliu.heima.demos.web.controller.DeptController - 根据id查询部门：111
2025-05-08 22:32:57.612 [http-nio-8080-exec-7] INFO  o.yuliu.heima.demos.web.controller.DeptController - 根据id查询部门：111
2025-05-08 22:33:01.718 [http-nio-8080-exec-8] INFO  o.yuliu.heima.demos.web.controller.DeptController - 根据id查询部门：111
2025-05-08 22:33:01.896 [http-nio-8080-exec-9] INFO  o.yuliu.heima.demos.web.controller.DeptController - 根据id查询部门：111
2025-05-08 22:33:33.889 [main] INFO  org.yuliu.heima.HeimaApplication - Starting HeimaApplication using Java 17.0.14 on LAPTOP-UVSFVGV1 with PID 21756 (E:\javaweb\heima\target\classes started by yuliu in E:\javaweb\heima)
2025-05-08 22:33:33.892 [main] INFO  org.yuliu.heima.HeimaApplication - No active profile set, falling back to 1 default profile: "default"
2025-05-08 22:33:35.169 [main] INFO  org.yuliu.heima.HeimaApplication - Started HeimaApplication in 1.557 seconds (JVM running for 2.18)
2025-05-08 22:33:35.273 [http-nio-8080-exec-4] INFO  o.yuliu.heima.demos.web.controller.DeptController - 查询所有部门数据
2025-05-08 22:33:37.686 [http-nio-8080-exec-2] INFO  o.yuliu.heima.demos.web.controller.DeptController - 根据id查询部门：1
2025-05-08 22:33:39.170 [http-nio-8080-exec-7] INFO  o.yuliu.heima.demos.web.controller.DeptController - 根据id查询部门：1111
2025-05-08 22:33:39.715 [http-nio-8080-exec-6] INFO  o.yuliu.heima.demos.web.controller.DeptController - 查询所有部门数据
